[debug] [2021-05-04T21:30:26.007Z] ----------------------------------------------------------------------
[debug] [2021-05-04T21:30:26.010Z] Command:       C:\Program Files\nodejs\node.exe C:\Users\Kendrick Kilat\AppData\Roaming\npm\node_modules\firebase-tools\lib\bin\firebase.js init
[debug] [2021-05-04T21:30:26.011Z] CLI Version:   9.10.0
[debug] [2021-05-04T21:30:26.011Z] Platform:      win32
[debug] [2021-05-04T21:30:26.011Z] Node Version:  v14.16.1
[debug] [2021-05-04T21:30:26.012Z] Time:          Wed May 05 2021 05:30:26 GMT+0800 (Taipei Standard Time)
[debug] [2021-05-04T21:30:26.012Z] ----------------------------------------------------------------------
[debug] 
[debug] [2021-05-04T21:30:26.021Z] > command requires scopes: ["email","openid","https://www.googleapis.com/auth/cloudplatformprojects.readonly","https://www.googleapis.com/auth/firebase","https://www.googleapis.com/auth/cloud-platform"]
[debug] [2021-05-04T21:30:26.021Z] > authorizing via signed-in user (estromblade@gmail.com)
[info] 
     ######## #### ########  ######## ########     ###     ######  ########
     ##        ##  ##     ## ##       ##     ##  ##   ##  ##       ##
     ######    ##  ########  ######   ########  #########  ######  ######
     ##        ##  ##    ##  ##       ##     ## ##     ##       ## ##
     ##       #### ##     ## ######## ########  ##     ##  ######  ########

You're about to initialize a Firebase project in this directory:

  C:\Users\Kendrick Kilat\Documents\Projects\Vue Projects\Quasar Framework\qwitter

Before we get started, keep in mind:

  * You are initializing in an existing Firebase project directory

[info] 
=== Project Setup
[info] 
[info] First, let's associate this project directory with a Firebase project.
[info] You can create multiple project aliases by running firebase use --add, 
[info] but for now we'll just set up a default project.
[info] 
[info] i  .firebaserc already has a default project, using qwitter-4ad9b. 
[debug] [2021-05-04T21:30:33.390Z] > refreshing access token with scopes: []
[debug] [2021-05-04T21:30:33.390Z] >>> HTTP REQUEST POST https://www.googleapis.com/oauth2/v3/token  
 <request body omitted>
[debug] [2021-05-04T21:30:33.742Z] <<< HTTP RESPONSE 200 {"date":"Tue, 04 May 2021 21:30:32 GMT","expires":"Mon, 01 Jan 1990 00:00:00 GMT","pragma":"no-cache","cache-control":"no-cache, no-store, max-age=0, must-revalidate","content-type":"application/json; charset=utf-8","vary":"X-Origin, Referer, Origin,Accept-Encoding","server":"scaffolding on HTTPServer2","x-xss-protection":"0","x-frame-options":"SAMEORIGIN","x-content-type-options":"nosniff","alt-svc":"h3-29=\":443\"; ma=2592000,h3-T051=\":443\"; ma=2592000,h3-Q050=\":443\"; ma=2592000,h3-Q046=\":443\"; ma=2592000,h3-Q043=\":443\"; ma=2592000,quic=\":443\"; ma=2592000; v=\"46,43\"","accept-ranges":"none","transfer-encoding":"chunked"}
[debug] [2021-05-04T21:30:33.757Z] >>> [apiv2][query] GET https://firebase.googleapis.com/v1beta1/projects/qwitter-4ad9b [none]
[debug] [2021-05-04T21:30:34.465Z] <<< [apiv2][status] GET https://firebase.googleapis.com/v1beta1/projects/qwitter-4ad9b 200
[debug] [2021-05-04T21:30:34.465Z] <<< [apiv2][body] GET https://firebase.googleapis.com/v1beta1/projects/qwitter-4ad9b {"projectId":"qwitter-4ad9b","projectNumber":"440590980512","displayName":"Qwitter","name":"projects/qwitter-4ad9b","resources":{"hostingSite":"qwitter-4ad9b","storageBucket":"qwitter-4ad9b.appspot.com","locationId":"us-central"},"state":"ACTIVE"}
[info] 
=== Hosting Setup
[info] 
[info] Your public directory is the folder (relative to your project directory) that
[info] will contain Hosting assets to be uploaded with firebase deploy. If you
[info] have a build process for your assets, use your build's output directory.
[info] 
[debug] [2021-05-04T21:31:07.703Z] >>> [apiv2][query] GET https://www.gstatic.com/firebasejs/releases.json [none]
[debug] [2021-05-04T21:31:07.982Z] <<< [apiv2][status] GET https://www.gstatic.com/firebasejs/releases.json 200
[debug] [2021-05-04T21:31:07.982Z] <<< [apiv2][body] GET https://www.gstatic.com/firebasejs/releases.json {"current":{"version":"8.4.3","browserURL":"https://www.gstatic.com/firebasejs/8.4.3/firebase.js","packageURL":"https://www.gstatic.com/firebasejs/8.4.3/firebase.tgz"},"live":{"version":"8.4","browserURL":"https://www.gstatic.com/firebasejs/live/8.4/firebase.js","packageURL":"https://www.gstatic.com/firebasejs/live/8.4/firebase.tgz"},"components":{"analytics":"https://www.gstatic.com/firebasejs/8.4.3/firebase-analytics.js","app":"https://www.gstatic.com/firebasejs/8.4.3/firebase-app.js","auth":"https://www.gstatic.com/firebasejs/8.4.3/firebase-auth.js","database":"https://www.gstatic.com/firebasejs/8.4.3/firebase-database.js","firestore":"https://www.gstatic.com/firebasejs/8.4.3/firebase-firestore.js","functions":"https://www.gstatic.com/firebasejs/8.4.3/firebase-functions.js","installations":"https://www.gstatic.com/firebasejs/8.4.3/firebase-installations.js","messaging":"https://www.gstatic.com/firebasejs/8.4.3/firebase-messaging.js","storage":"https://www.gstatic.com/firebasejs/8.4.3/firebase-storage.js","performance":"https://www.gstatic.com/firebasejs/8.4.3/firebase-performance.js","remote-config":"https://www.gstatic.com/firebasejs/8.4.3/firebase-remote-config.js","firestore.memory":"https://www.gstatic.com/firebasejs/8.4.3/firebase-firestore.memory.js"}}
[info] +  Wrote public/index.html 
[info] 
[info] i  Didn't detect a .git folder. Assuming C:\Users\Kendrick Kilat\Documents\Projects\Vue Projects\Quasar Framework\qwitter is the project root. 
[info] i  Authorizing with GitHub to upload your service account to a GitHub repository's secrets store. 
[info] 
[info] Visit this URL on this device to log in:
[info] https://github.com/login/oauth/authorize?client_id=89cf50f02ac6aaed3484&state=219764755&redirect_uri=http%3A%2F%2Flocalhost%3A9005&scope=read%3Auser%20repo%20public_repo
[info] 
[info] Waiting for authentication...
[debug] [2021-05-04T21:31:28.513Z] >>> HTTP REQUEST POST https://github.com/login/oauth/access_token  
 {"client_id":"89cf50f02ac6aaed3484","client_secret":"3330d14abc895d9a74d5f17cd7a00711fa2c5bf0","code":"e22758251a4d7a3a0da8","redirect_uri":"http://localhost:9005","state":"219764755"}
[debug] [2021-05-04T21:31:29.059Z] <<< HTTP RESPONSE 200 {"server":"GitHub.com","date":"Tue, 04 May 2021 21:31:27 GMT","content-type":"application/json; charset=utf-8","transfer-encoding":"chunked","vary":"X-PJAX, Accept-Encoding, Accept, X-Requested-With","permissions-policy":"interest-cohort=()","etag":"W/\"eb492200186226ad9627e3128706a1c1\"","cache-control":"max-age=0, private, must-revalidate","strict-transport-security":"max-age=31536000; includeSubdomains; preload","x-frame-options":"deny","x-content-type-options":"nosniff","x-xss-protection":"0","referrer-policy":"origin-when-cross-origin, strict-origin-when-cross-origin","expect-ct":"max-age=2592000, report-uri=\"https://api.github.com/_private/browser/errors\"","content-security-policy":"default-src 'none'; base-uri 'self'; block-all-mixed-content; connect-src 'self' uploads.github.com www.githubstatus.com collector.githubapp.com api.github.com github-cloud.s3.amazonaws.com github-production-repository-file-5c1aeb.s3.amazonaws.com github-production-upload-manifest-file-7fdce7.s3.amazonaws.com github-production-user-asset-6210df.s3.amazonaws.com cdn.optimizely.com logx.optimizely.com/v1/events wss://alive.github.com; font-src github.githubassets.com; form-action 'self' github.com gist.github.com; frame-ancestors 'none'; frame-src render.githubusercontent.com; img-src 'self' data: github.githubassets.com identicons.github.com collector.githubapp.com github-cloud.s3.amazonaws.com secured-user-images.githubusercontent.com/ *.githubusercontent.com; manifest-src 'self'; media-src 'none'; script-src github.githubassets.com; style-src 'unsafe-inline' github.githubassets.com; worker-src github.com/socket-worker-3f088aa2.js gist.github.com/socket-worker-3f088aa2.js","x-github-request-id":"FD01:7990:1EF57:2903B:6091BD2F"}
[debug] [2021-05-04T21:31:29.064Z] >>> [apiv2][query] GET https://api.github.com/user [none]
[debug] [2021-05-04T21:31:29.681Z] <<< [apiv2][status] GET https://api.github.com/user 200
[debug] [2021-05-04T21:31:29.682Z] <<< [apiv2][body] GET https://api.github.com/user {"login":"kenboi","id":46878649,"node_id":"MDQ6VXNlcjQ2ODc4NjQ5","avatar_url":"https://avatars.githubusercontent.com/u/46878649?v=4","gravatar_id":"","url":"https://api.github.com/users/kenboi","html_url":"https://github.com/kenboi","followers_url":"https://api.github.com/users/kenboi/followers","following_url":"https://api.github.com/users/kenboi/following{/other_user}","gists_url":"https://api.github.com/users/kenboi/gists{/gist_id}","starred_url":"https://api.github.com/users/kenboi/starred{/owner}{/repo}","subscriptions_url":"https://api.github.com/users/kenboi/subscriptions","organizations_url":"https://api.github.com/users/kenboi/orgs","repos_url":"https://api.github.com/users/kenboi/repos","events_url":"https://api.github.com/users/kenboi/events{/privacy}","received_events_url":"https://api.github.com/users/kenboi/received_events","type":"User","site_admin":false,"name":null,"company":null,"blog":"","location":null,"email":null,"hireable":null,"bio":null,"twitter_username":null,"public_repos":1,"public_gists":0,"followers":0,"following":0,"created_at":"2019-01-21T02:26:11Z","updated_at":"2021-05-04T21:31:26Z","private_gists":0,"total_private_repos":6,"owned_private_repos":6,"disk_usage":16516,"collaborators":1,"two_factor_authentication":false,"plan":{"name":"free","space":976562499,"collaborators":0,"private_repos":10000}}
[info] 
[info] +  Success! Logged into GitHub as kenboi 
[info] 
